<?xml version="1.0" encoding="UTF-8"?>
<testng-results skipped="0" failed="0" ignored="0" total="1" passed="1">
  <reporter-output>
  </reporter-output>
  <suite name="Default suite" duration-ms="45545" started-at="2022-10-02T21:29:49 PDT" finished-at="2022-10-02T21:30:35 PDT">
    <groups>
    </groups>
    <test name="Default test" duration-ms="45545" started-at="2022-10-02T21:29:49 PDT" finished-at="2022-10-02T21:30:35 PDT">
      <class name="tests.loginvalidation">
        <test-method status="PASS" signature="launch()[pri:0, instance:tests.loginvalidation@4eb7f003]" name="launch" is-config="true" duration-ms="11" started-at="2022-10-02T21:29:49 PDT" finished-at="2022-10-02T21:29:49 PDT">
          <reporter-output>
          </reporter-output>
        </test-method> <!-- launch -->
        <test-method status="PASS" signature="login()[pri:0, instance:tests.loginvalidation@4eb7f003]" name="login" duration-ms="45480" started-at="2022-10-02T21:29:49 PDT" finished-at="2022-10-02T21:30:35 PDT">
          <reporter-output>
          </reporter-output>
        </test-method> <!-- login -->
      </class> <!-- tests.loginvalidation -->
    </test> <!-- Default test -->
  </suite> <!-- Default suite -->
</testng-results>
